  [1m[35m (5.9ms)[0m  [1m[35mCREATE TABLE "schema_migrations" ("version" varchar NOT NULL PRIMARY KEY)[0m
  [1m[35m (0.2ms)[0m  [1m[35mCREATE TABLE "ar_internal_metadata" ("key" varchar NOT NULL PRIMARY KEY, "value" varchar, "created_at" datetime(6) NOT NULL, "updated_at" datetime(6) NOT NULL)[0m
  [1m[36mActiveRecord::InternalMetadata Load (0.1ms)[0m  [1m[34mSELECT * FROM "ar_internal_metadata" WHERE "ar_internal_metadata"."key" = ? ORDER BY "ar_internal_metadata"."key" ASC LIMIT 1[0m  [[nil, "environment"]]
  [1m[36mActiveRecord::InternalMetadata Create (0.3ms)[0m  [1m[32mINSERT INTO "ar_internal_metadata" ("key", "value", "created_at", "updated_at") VALUES ('environment', 'development', '2023-11-06 12:11:53.172438', '2023-11-06 12:11:53.172441') RETURNING "key"[0m
  [1m[36mActiveRecord::SchemaMigration Load (0.0ms)[0m  [1m[34mSELECT "schema_migrations"."version" FROM "schema_migrations" ORDER BY "schema_migrations"."version" ASC[0m
Migrating to CreateUsersTable (20231106120630)
  [1m[36mTRANSACTION (0.0ms)[0m  [1m[36mbegin transaction[0m
  [1m[35m (0.6ms)[0m  [1m[35mCREATE TABLE "users" ("id" integer PRIMARY KEY AUTOINCREMENT NOT NULL, "full_name" varchar, "email" varchar, "password_digest" varchar, "created_at" datetime(6) NOT NULL, "updated_at" datetime(6) NOT NULL)[0m
  [1m[35m (0.1ms)[0m  [1m[35mCREATE UNIQUE INDEX "unique_emails" ON "users" ("email")[0m
  [1m[36mActiveRecord::SchemaMigration Create (0.0ms)[0m  [1m[32mINSERT INTO "schema_migrations" ("version") VALUES ('20231106120630') RETURNING "version"[0m
  [1m[36mTRANSACTION (0.0ms)[0m  [1m[36mcommit transaction[0m
  [1m[36mActiveRecord::SchemaMigration Load (0.0ms)[0m  [1m[34mSELECT "schema_migrations"."version" FROM "schema_migrations" ORDER BY "schema_migrations"."version" ASC[0m
  [1m[36mActiveRecord::SchemaMigration Load (0.1ms)[0m  [1m[34mSELECT "schema_migrations"."version" FROM "schema_migrations" ORDER BY "schema_migrations"."version" ASC[0m
  [1m[36mActiveRecord::SchemaMigration Load (0.0ms)[0m  [1m[34mSELECT "schema_migrations"."version" FROM "schema_migrations" ORDER BY "schema_migrations"."version" ASC[0m
  [1m[36mActiveRecord::SchemaMigration Load (0.0ms)[0m  [1m[34mSELECT "schema_migrations"."version" FROM "schema_migrations" ORDER BY "schema_migrations"."version" ASC[0m
  [1m[36mActiveRecord::SchemaMigration Load (0.0ms)[0m  [1m[34mSELECT "schema_migrations"."version" FROM "schema_migrations" ORDER BY "schema_migrations"."version" ASC[0m
Migrating to CreateUsersTable (20231106120630)
  [1m[36mTRANSACTION (0.0ms)[0m  [1m[36mbegin transaction[0m
  [1m[35m (0.7ms)[0m  [1m[35mDROP TABLE "users"[0m
  [1m[36mActiveRecord::SchemaMigration Destroy (0.1ms)[0m  [1m[31mDELETE FROM "schema_migrations" WHERE "schema_migrations"."version" = '20231106120630'[0m
  [1m[36mTRANSACTION (0.1ms)[0m  [1m[36mcommit transaction[0m
  [1m[36mActiveRecord::SchemaMigration Load (0.0ms)[0m  [1m[34mSELECT "schema_migrations"."version" FROM "schema_migrations" ORDER BY "schema_migrations"."version" ASC[0m
  [1m[36mActiveRecord::InternalMetadata Load (0.1ms)[0m  [1m[34mSELECT * FROM "ar_internal_metadata" WHERE "ar_internal_metadata"."key" = ? ORDER BY "ar_internal_metadata"."key" ASC LIMIT 1[0m  [[nil, "environment"]]
  [1m[36mActiveRecord::SchemaMigration Load (0.0ms)[0m  [1m[34mSELECT "schema_migrations"."version" FROM "schema_migrations" ORDER BY "schema_migrations"."version" ASC[0m
Migrating to CreateUsersTable (20231106120630)
  [1m[36mTRANSACTION (0.0ms)[0m  [1m[36mbegin transaction[0m
  [1m[35m (1.3ms)[0m  [1m[35mCREATE TABLE "users" ("id" integer PRIMARY KEY AUTOINCREMENT NOT NULL, "full_name" varchar, "email" varchar, "password_digest" varchar, "created_at" datetime(6) NOT NULL, "updated_at" datetime(6) NOT NULL)[0m
  [1m[36mActiveRecord::SchemaMigration Create (0.1ms)[0m  [1m[32mINSERT INTO "schema_migrations" ("version") VALUES ('20231106120630') RETURNING "version"[0m
  [1m[36mTRANSACTION (0.1ms)[0m  [1m[36mcommit transaction[0m
  [1m[36mActiveRecord::SchemaMigration Load (0.0ms)[0m  [1m[34mSELECT "schema_migrations"."version" FROM "schema_migrations" ORDER BY "schema_migrations"."version" ASC[0m
Started POST "/users" for ::1 at 2023-11-06 13:30:24 +0100
  [1m[36mActiveRecord::SchemaMigration Load (0.1ms)[0m  [1m[34mSELECT "schema_migrations"."version" FROM "schema_migrations" ORDER BY "schema_migrations"."version" ASC[0m
Processing by UsersController#create as */*
  Parameters: {"email"=>"admin@test.dk", "password"=>"[FILTERED]", "full_name"=>"Super Admin", "user"=>{"full_name"=>"Super Admin", "email"=>"admin@test.dk"}}
[31mUnpermitted parameter: :user. Context: { controller: UsersController, action: create, request: #<ActionDispatch::Request:0x00007fc81eb0e8a0>, params: {"email"=>"admin@test.dk", "password"=>"[FILTERED]", "full_name"=>"Super Admin", "controller"=>"users", "action"=>"create", "user"=>{"full_name"=>"Super Admin", "email"=>"admin@test.dk"}} }[0m
  [1m[36mTRANSACTION (0.0ms)[0m  [1m[36mbegin transaction[0m
  ↳ app/controllers/users_controller.rb:5:in `create'
  [1m[36mUser Create (1.0ms)[0m  [1m[32mINSERT INTO "users" ("full_name", "email", "password_digest", "created_at", "updated_at") VALUES (?, ?, ?, ?, ?) RETURNING "id"[0m  [["full_name", "Super Admin"], ["email", "admin@test.dk"], ["password_digest", "[FILTERED]"], ["created_at", "2023-11-06 12:30:25.004037"], ["updated_at", "2023-11-06 12:30:25.004037"]]
  ↳ app/controllers/users_controller.rb:5:in `create'
  [1m[36mTRANSACTION (0.1ms)[0m  [1m[36mcommit transaction[0m
  ↳ app/controllers/users_controller.rb:5:in `create'
Completed 200 OK in 197ms (Views: 0.2ms | ActiveRecord: 1.6ms | Allocations: 15793)


Started GET "/users" for ::1 at 2023-11-06 13:32:12 +0100
Processing by UsersController#index as */*
Completed 500 Internal Server Error in 0ms (ActiveRecord: 0.0ms | Allocations: 161)


  
NameError (undefined local variable or method `user' for #<UsersController:0x0000000000b838>):
  
app/controllers/users_controller.rb:3:in `index'
Started GET "/users" for ::1 at 2023-11-06 13:32:21 +0100
Processing by UsersController#index as */*
  [1m[36mUser Load (0.1ms)[0m  [1m[34mSELECT "users".* FROM "users"[0m
  ↳ app/controllers/users_controller.rb:3:in `index'
Completed 200 OK in 11ms (Views: 2.9ms | ActiveRecord: 1.3ms | Allocations: 7262)


  [1m[36mActiveRecord::SchemaMigration Load (0.1ms)[0m  [1m[34mSELECT "schema_migrations"."version" FROM "schema_migrations" ORDER BY "schema_migrations"."version" ASC[0m
  [1m[36mActiveRecord::SchemaMigration Load (0.0ms)[0m  [1m[34mSELECT "schema_migrations"."version" FROM "schema_migrations" ORDER BY "schema_migrations"."version" ASC[0m
  [1m[36mActiveRecord::SchemaMigration Load (0.0ms)[0m  [1m[34mSELECT "schema_migrations"."version" FROM "schema_migrations" ORDER BY "schema_migrations"."version" ASC[0m
  [1m[36mActiveRecord::SchemaMigration Load (0.0ms)[0m  [1m[34mSELECT "schema_migrations"."version" FROM "schema_migrations" ORDER BY "schema_migrations"."version" ASC[0m
Migrating to CreateUsersTable (20231106120630)
  [1m[36mTRANSACTION (0.0ms)[0m  [1m[36mbegin transaction[0m
  [1m[35m (0.7ms)[0m  [1m[35mDROP TABLE "users"[0m
  [1m[36mActiveRecord::SchemaMigration Destroy (0.0ms)[0m  [1m[31mDELETE FROM "schema_migrations" WHERE "schema_migrations"."version" = '20231106120630'[0m
  [1m[36mTRANSACTION (5.3ms)[0m  [1m[36mcommit transaction[0m
  [1m[36mActiveRecord::SchemaMigration Load (0.2ms)[0m  [1m[34mSELECT "schema_migrations"."version" FROM "schema_migrations" ORDER BY "schema_migrations"."version" ASC[0m
  [1m[36mActiveRecord::InternalMetadata Load (0.1ms)[0m  [1m[34mSELECT * FROM "ar_internal_metadata" WHERE "ar_internal_metadata"."key" = ? ORDER BY "ar_internal_metadata"."key" ASC LIMIT 1[0m  [[nil, "environment"]]
  [1m[36mActiveRecord::SchemaMigration Load (0.0ms)[0m  [1m[34mSELECT "schema_migrations"."version" FROM "schema_migrations" ORDER BY "schema_migrations"."version" ASC[0m
Migrating to CreateUsersTable (20231106120630)
  [1m[36mActiveRecord::InternalMetadata Load (0.1ms)[0m  [1m[34mSELECT * FROM "ar_internal_metadata" WHERE "ar_internal_metadata"."key" = ? ORDER BY "ar_internal_metadata"."key" ASC LIMIT 1[0m  [[nil, "environment"]]
  [1m[36mActiveRecord::SchemaMigration Load (0.0ms)[0m  [1m[34mSELECT "schema_migrations"."version" FROM "schema_migrations" ORDER BY "schema_migrations"."version" ASC[0m
Migrating to CreateUsersTable (20231106120630)
  [1m[36mTRANSACTION (0.0ms)[0m  [1m[36mbegin transaction[0m
  [1m[35m (0.6ms)[0m  [1m[35mCREATE TABLE "users" ("id" integer PRIMARY KEY AUTOINCREMENT NOT NULL, "full_name" varchar, "email" varchar, "password_digest" varchar, "created_at" datetime(6) NOT NULL, "updated_at" datetime(6) NOT NULL)[0m
  [1m[35m (0.1ms)[0m  [1m[35mCREATE INDEX "index_users_on_email" ON "users" ("email")[0m
  [1m[36mActiveRecord::SchemaMigration Create (0.1ms)[0m  [1m[32mINSERT INTO "schema_migrations" ("version") VALUES ('20231106120630') RETURNING "version"[0m
  [1m[36mTRANSACTION (0.1ms)[0m  [1m[36mcommit transaction[0m
  [1m[36mActiveRecord::SchemaMigration Load (0.0ms)[0m  [1m[34mSELECT "schema_migrations"."version" FROM "schema_migrations" ORDER BY "schema_migrations"."version" ASC[0m
Started POST "/users" for ::1 at 2023-11-06 13:41:44 +0100
  [1m[36mActiveRecord::SchemaMigration Load (0.1ms)[0m  [1m[34mSELECT "schema_migrations"."version" FROM "schema_migrations" ORDER BY "schema_migrations"."version" ASC[0m
Processing by UsersController#create as */*
  Parameters: {"email"=>"admin@test.dk", "password"=>"[FILTERED]", "full_name"=>"Super Admin", "user"=>{"full_name"=>"Super Admin", "email"=>"admin@test.dk"}}
[31mUnpermitted parameter: :user. Context: { controller: UsersController, action: create, request: #<ActionDispatch::Request:0x00007f4687f712d0>, params: {"email"=>"admin@test.dk", "password"=>"[FILTERED]", "full_name"=>"Super Admin", "controller"=>"users", "action"=>"create", "user"=>{"full_name"=>"Super Admin", "email"=>"admin@test.dk"}} }[0m
  [1m[36mUser Exists? (0.1ms)[0m  [1m[34mSELECT 1 AS one FROM "users" WHERE LOWER("users"."email") = LOWER(?) LIMIT ?[0m  [["email", "admin@test.dk"], ["LIMIT", 1]]
  ↳ app/controllers/users_controller.rb:8:in `create'
  [1m[36mCACHE User Exists? (0.0ms)[0m  [1m[34mSELECT 1 AS one FROM "users" WHERE LOWER("users"."email") = LOWER(?) LIMIT ?[0m  [["email", "admin@test.dk"], ["LIMIT", 1]]
  ↳ app/controllers/users_controller.rb:9:in `create'
  [1m[36mTRANSACTION (0.0ms)[0m  [1m[36mbegin transaction[0m
  ↳ app/controllers/users_controller.rb:9:in `create'
  [1m[36mUser Create (0.8ms)[0m  [1m[32mINSERT INTO "users" ("full_name", "email", "password_digest", "created_at", "updated_at") VALUES (?, ?, ?, ?, ?) RETURNING "id"[0m  [["full_name", "Super Admin"], ["email", "admin@test.dk"], ["password_digest", "[FILTERED]"], ["created_at", "2023-11-06 12:41:44.989648"], ["updated_at", "2023-11-06 12:41:44.989648"]]
  ↳ app/controllers/users_controller.rb:9:in `create'
  [1m[36mTRANSACTION (6.3ms)[0m  [1m[36mcommit transaction[0m
  ↳ app/controllers/users_controller.rb:9:in `create'
Completed 200 OK in 214ms (Views: 0.2ms | ActiveRecord: 7.6ms | Allocations: 17486)


Started GET "/users" for ::1 at 2023-11-06 13:41:49 +0100
Processing by UsersController#index as */*
  [1m[36mUser Load (0.1ms)[0m  [1m[34mSELECT "users".* FROM "users"[0m
  ↳ app/controllers/users_controller.rb:3:in `index'
Completed 200 OK in 1ms (Views: 0.8ms | ActiveRecord: 0.1ms | Allocations: 806)


Started POST "/users" for ::1 at 2023-11-06 13:41:54 +0100
Processing by UsersController#create as */*
  Parameters: {"email"=>"admin@test.dk", "password"=>"[FILTERED]", "full_name"=>"Super Admin", "user"=>{"full_name"=>"Super Admin", "email"=>"admin@test.dk"}}
[31mUnpermitted parameter: :user. Context: { controller: UsersController, action: create, request: #<ActionDispatch::Request:0x00007f4687f79070>, params: {"email"=>"admin@test.dk", "password"=>"[FILTERED]", "full_name"=>"Super Admin", "controller"=>"users", "action"=>"create", "user"=>{"full_name"=>"Super Admin", "email"=>"admin@test.dk"}} }[0m
  [1m[36mUser Exists? (0.1ms)[0m  [1m[34mSELECT 1 AS one FROM "users" WHERE LOWER("users"."email") = LOWER(?) LIMIT ?[0m  [["email", "admin@test.dk"], ["LIMIT", 1]]
  ↳ app/controllers/users_controller.rb:8:in `create'
Completed 200 OK in 171ms (Views: 0.1ms | ActiveRecord: 0.1ms | Allocations: 835)


Started POST "/users" for ::1 at 2023-11-06 13:43:38 +0100
  
ArgumentError (Unknown validator: 'LenghtValidator'):
  
app/models/user.rb:3:in `<class:User>'
app/models/user.rb:1:in `<main>'
Started POST "/users" for ::1 at 2023-11-06 13:44:13 +0100
Processing by UsersController#create as */*
  Parameters: {"email"=>"admin2@test.dk", "password"=>"[FILTERED]", "full_name"=>"Super Admin", "user"=>{"full_name"=>"Super Admin", "email"=>"admin2@test.dk"}}
[31mUnpermitted parameter: :user. Context: { controller: UsersController, action: create, request: #<ActionDispatch::Request:0x00007f468523f5a0>, params: {"email"=>"admin2@test.dk", "password"=>"[FILTERED]", "full_name"=>"Super Admin", "controller"=>"users", "action"=>"create", "user"=>{"full_name"=>"Super Admin", "email"=>"admin2@test.dk"}} }[0m
  [1m[36mUser Exists? (0.1ms)[0m  [1m[34mSELECT 1 AS one FROM "users" WHERE LOWER("users"."email") = LOWER(?) LIMIT ?[0m  [["email", "admin2@test.dk"], ["LIMIT", 1]]
  ↳ app/controllers/users_controller.rb:8:in `create'
  [1m[36mCACHE User Exists? (0.1ms)[0m  [1m[34mSELECT 1 AS one FROM "users" WHERE LOWER("users"."email") = LOWER(?) LIMIT ?[0m  [["email", "admin2@test.dk"], ["LIMIT", 1]]
  ↳ app/controllers/users_controller.rb:9:in `create'
  [1m[36mTRANSACTION (0.0ms)[0m  [1m[36mbegin transaction[0m
  ↳ app/controllers/users_controller.rb:9:in `create'
  [1m[36mUser Create (0.7ms)[0m  [1m[32mINSERT INTO "users" ("full_name", "email", "password_digest", "created_at", "updated_at") VALUES (?, ?, ?, ?, ?) RETURNING "id"[0m  [["full_name", "Super Admin"], ["email", "admin2@test.dk"], ["password_digest", "[FILTERED]"], ["created_at", "2023-11-06 12:44:13.877506"], ["updated_at", "2023-11-06 12:44:13.877506"]]
  ↳ app/controllers/users_controller.rb:9:in `create'
  [1m[36mTRANSACTION (4.7ms)[0m  [1m[36mcommit transaction[0m
  ↳ app/controllers/users_controller.rb:9:in `create'
Completed 200 OK in 178ms (Views: 0.1ms | ActiveRecord: 6.7ms | Allocations: 5688)


Started POST "/users" for ::1 at 2023-11-06 13:46:22 +0100
Processing by UsersController#create as */*
  Parameters: {"email"=>"admin3@test.dk", "password"=>"[FILTERED]", "full_name"=>"Super Admin", "user"=>{"full_name"=>"Super Admin", "email"=>"admin3@test.dk"}}
[31mUnpermitted parameter: :user. Context: { controller: UsersController, action: create, request: #<ActionDispatch::Request:0x00007f468531d030>, params: {"email"=>"admin3@test.dk", "password"=>"[FILTERED]", "full_name"=>"Super Admin", "controller"=>"users", "action"=>"create", "user"=>{"full_name"=>"Super Admin", "email"=>"admin3@test.dk"}} }[0m
  [1m[36mUser Exists? (0.1ms)[0m  [1m[34mSELECT 1 AS one FROM "users" WHERE LOWER("users"."email") = LOWER(?) LIMIT ?[0m  [["email", "admin3@test.dk"], ["LIMIT", 1]]
  ↳ app/controllers/users_controller.rb:8:in `create'
  [1m[36mCACHE User Exists? (0.0ms)[0m  [1m[34mSELECT 1 AS one FROM "users" WHERE LOWER("users"."email") = LOWER(?) LIMIT ?[0m  [["email", "admin3@test.dk"], ["LIMIT", 1]]
  ↳ app/controllers/users_controller.rb:9:in `create'
  [1m[36mTRANSACTION (0.0ms)[0m  [1m[36mbegin transaction[0m
  ↳ app/controllers/users_controller.rb:9:in `create'
  [1m[36mUser Create (0.5ms)[0m  [1m[32mINSERT INTO "users" ("full_name", "email", "password_digest", "created_at", "updated_at") VALUES (?, ?, ?, ?, ?) RETURNING "id"[0m  [["full_name", "Super Admin"], ["email", "admin3@test.dk"], ["password_digest", "[FILTERED]"], ["created_at", "2023-11-06 12:46:23.133843"], ["updated_at", "2023-11-06 12:46:23.133843"]]
  ↳ app/controllers/users_controller.rb:9:in `create'
  [1m[36mTRANSACTION (5.3ms)[0m  [1m[36mcommit transaction[0m
  ↳ app/controllers/users_controller.rb:9:in `create'
Completed 200 OK in 176ms (Views: 0.1ms | ActiveRecord: 7.1ms | Allocations: 5619)


Started POST "/users" for ::1 at 2023-11-06 13:46:38 +0100
Processing by UsersController#create as */*
  Parameters: {"email"=>"admin4@test.dk", "password"=>"[FILTERED]", "full_name"=>"Super Admin", "user"=>{"full_name"=>"Super Admin", "email"=>"admin4@test.dk"}}
[31mUnpermitted parameter: :user. Context: { controller: UsersController, action: create, request: #<ActionDispatch::Request:0x00007f468523b360>, params: {"email"=>"admin4@test.dk", "password"=>"[FILTERED]", "full_name"=>"Super Admin", "controller"=>"users", "action"=>"create", "user"=>{"full_name"=>"Super Admin", "email"=>"admin4@test.dk"}} }[0m
  [1m[36mUser Exists? (0.1ms)[0m  [1m[34mSELECT 1 AS one FROM "users" WHERE LOWER("users"."email") = LOWER(?) LIMIT ?[0m  [["email", "admin4@test.dk"], ["LIMIT", 1]]
  ↳ app/controllers/users_controller.rb:8:in `create'
  [1m[36mCACHE User Exists? (0.0ms)[0m  [1m[34mSELECT 1 AS one FROM "users" WHERE LOWER("users"."email") = LOWER(?) LIMIT ?[0m  [["email", "admin4@test.dk"], ["LIMIT", 1]]
  ↳ app/controllers/users_controller.rb:9:in `create'
  [1m[36mTRANSACTION (0.0ms)[0m  [1m[36mbegin transaction[0m
  ↳ app/controllers/users_controller.rb:9:in `create'
  [1m[36mUser Create (0.6ms)[0m  [1m[32mINSERT INTO "users" ("full_name", "email", "password_digest", "created_at", "updated_at") VALUES (?, ?, ?, ?, ?) RETURNING "id"[0m  [["full_name", "Super Admin"], ["email", "admin4@test.dk"], ["password_digest", "[FILTERED]"], ["created_at", "2023-11-06 12:46:38.602297"], ["updated_at", "2023-11-06 12:46:38.602297"]]
  ↳ app/controllers/users_controller.rb:9:in `create'
  [1m[36mTRANSACTION (4.9ms)[0m  [1m[36mcommit transaction[0m
  ↳ app/controllers/users_controller.rb:9:in `create'
Completed 200 OK in 176ms (Views: 0.1ms | ActiveRecord: 6.9ms | Allocations: 5634)


Started POST "/users" for ::1 at 2023-11-06 13:57:58 +0100
  [1m[36mActiveRecord::SchemaMigration Load (0.1ms)[0m  [1m[34mSELECT "schema_migrations"."version" FROM "schema_migrations" ORDER BY "schema_migrations"."version" ASC[0m
Processing by UsersController#create as */*
  Parameters: {"email"=>"admin5@test.dk", "password"=>"[FILTERED]", "full_name"=>"Super Admin", "user"=>{"full_name"=>"Super Admin", "email"=>"admin5@test.dk"}}
[31mUnpermitted parameter: :user. Context: { controller: UsersController, action: create, request: #<ActionDispatch::Request:0x00007f5a4b1ffa20>, params: {"email"=>"admin5@test.dk", "password"=>"[FILTERED]", "full_name"=>"Super Admin", "controller"=>"users", "action"=>"create", "user"=>{"full_name"=>"Super Admin", "email"=>"admin5@test.dk"}} }[0m
  [1m[36mUser Exists? (0.1ms)[0m  [1m[34mSELECT 1 AS one FROM "users" WHERE LOWER("users"."email") = LOWER(?) LIMIT ?[0m  [["email", "admin5@test.dk"], ["LIMIT", 1]]
  ↳ app/controllers/users_controller.rb:8:in `create'
  [1m[36mCACHE User Exists? (0.0ms)[0m  [1m[34mSELECT 1 AS one FROM "users" WHERE LOWER("users"."email") = LOWER(?) LIMIT ?[0m  [["email", "admin5@test.dk"], ["LIMIT", 1]]
  ↳ app/controllers/users_controller.rb:9:in `create'
  [1m[36mTRANSACTION (0.0ms)[0m  [1m[36mbegin transaction[0m
  ↳ app/controllers/users_controller.rb:9:in `create'
  [1m[36mUser Create (0.6ms)[0m  [1m[32mINSERT INTO "users" ("full_name", "email", "password_digest", "created_at", "updated_at") VALUES (?, ?, ?, ?, ?) RETURNING "id"[0m  [["full_name", "Super Admin"], ["email", "admin5@test.dk"], ["password_digest", "[FILTERED]"], ["created_at", "2023-11-06 12:57:58.397041"], ["updated_at", "2023-11-06 12:57:58.397041"]]
  ↳ app/controllers/users_controller.rb:9:in `create'
  [1m[36mTRANSACTION (5.1ms)[0m  [1m[36mcommit transaction[0m
  ↳ app/controllers/users_controller.rb:9:in `create'
Completed 200 OK in 206ms (Views: 0.2ms | ActiveRecord: 6.2ms | Allocations: 17125)


Started POST "/users" for ::1 at 2023-11-06 13:59:30 +0100
Processing by UsersController#create as */*
  Parameters: {"email"=>"admin6@test.dk", "password"=>"[FILTERED]", "full_name"=>"Super Admin", "user"=>{"full_name"=>"Super Admin", "email"=>"admin6@test.dk"}}
[31mUnpermitted parameter: :user. Context: { controller: UsersController, action: create, request: #<ActionDispatch::Request:0x00007f5a486406f0>, params: {"email"=>"admin6@test.dk", "password"=>"[FILTERED]", "full_name"=>"Super Admin", "controller"=>"users", "action"=>"create", "user"=>{"full_name"=>"Super Admin", "email"=>"admin6@test.dk"}} }[0m
  [1m[36mUser Exists? (0.1ms)[0m  [1m[34mSELECT 1 AS one FROM "users" WHERE LOWER("users"."email") = LOWER(?) LIMIT ?[0m  [["email", "admin6@test.dk"], ["LIMIT", 1]]
  ↳ app/controllers/users_controller.rb:8:in `create'
Completed 200 OK in 169ms (Views: 0.1ms | ActiveRecord: 1.3ms | Allocations: 3632)


Started POST "/users" for ::1 at 2023-11-06 13:59:57 +0100
  
ArgumentError (Unknown validator: 'MessageValidator'):
  
app/models/user.rb:4:in `<class:User>'
app/models/user.rb:1:in `<main>'
  [1m[36mActiveRecord::SchemaMigration Load (0.1ms)[0m  [1m[34mSELECT "schema_migrations"."version" FROM "schema_migrations" ORDER BY "schema_migrations"."version" ASC[0m
  [1m[36mActiveRecord::SchemaMigration Load (0.0ms)[0m  [1m[34mSELECT "schema_migrations"."version" FROM "schema_migrations" ORDER BY "schema_migrations"."version" ASC[0m
  [1m[36mActiveRecord::SchemaMigration Load (0.0ms)[0m  [1m[34mSELECT "schema_migrations"."version" FROM "schema_migrations" ORDER BY "schema_migrations"."version" ASC[0m
  [1m[36mActiveRecord::SchemaMigration Load (0.0ms)[0m  [1m[34mSELECT "schema_migrations"."version" FROM "schema_migrations" ORDER BY "schema_migrations"."version" ASC[0m
Migrating to CreateUsersTable (20231106120630)
  [1m[36mTRANSACTION (0.0ms)[0m  [1m[36mbegin transaction[0m
  [1m[35mSQL (0.4ms)[0m  [1m[35mDROP INDEX "index_users_on_email"[0m
  [1m[35m (0.1ms)[0m  [1m[35mDROP TABLE "users"[0m
  [1m[36mActiveRecord::SchemaMigration Destroy (0.0ms)[0m  [1m[31mDELETE FROM "schema_migrations" WHERE "schema_migrations"."version" = '20231106120630'[0m
  [1m[36mTRANSACTION (7.7ms)[0m  [1m[36mcommit transaction[0m
  [1m[36mActiveRecord::SchemaMigration Load (0.0ms)[0m  [1m[34mSELECT "schema_migrations"."version" FROM "schema_migrations" ORDER BY "schema_migrations"."version" ASC[0m
  [1m[36mActiveRecord::InternalMetadata Load (0.1ms)[0m  [1m[34mSELECT * FROM "ar_internal_metadata" WHERE "ar_internal_metadata"."key" = ? ORDER BY "ar_internal_metadata"."key" ASC LIMIT 1[0m  [[nil, "environment"]]
  [1m[36mActiveRecord::SchemaMigration Load (0.0ms)[0m  [1m[34mSELECT "schema_migrations"."version" FROM "schema_migrations" ORDER BY "schema_migrations"."version" ASC[0m
Migrating to CreateUsersTable (20231106120630)
  [1m[36mTRANSACTION (0.0ms)[0m  [1m[36mbegin transaction[0m
  [1m[35m (0.6ms)[0m  [1m[35mCREATE TABLE "users" ("id" integer PRIMARY KEY AUTOINCREMENT NOT NULL, "full_name" varchar, "email" varchar, "password_digest" varchar, "created_at" datetime(6) NOT NULL, "updated_at" datetime(6) NOT NULL)[0m
  [1m[35m (0.1ms)[0m  [1m[35mCREATE INDEX "index_users_on_email" ON "users" ("email")[0m
  [1m[36mActiveRecord::SchemaMigration Create (0.1ms)[0m  [1m[32mINSERT INTO "schema_migrations" ("version") VALUES ('20231106120630') RETURNING "version"[0m
  [1m[36mTRANSACTION (0.1ms)[0m  [1m[36mcommit transaction[0m
  [1m[36mActiveRecord::SchemaMigration Load (0.0ms)[0m  [1m[34mSELECT "schema_migrations"."version" FROM "schema_migrations" ORDER BY "schema_migrations"."version" ASC[0m
Started POST "/users" for ::1 at 2023-11-06 14:01:09 +0100
  [1m[36mActiveRecord::SchemaMigration Load (0.1ms)[0m  [1m[34mSELECT "schema_migrations"."version" FROM "schema_migrations" ORDER BY "schema_migrations"."version" ASC[0m
Processing by UsersController#create as */*
  Parameters: {"email"=>"admin@test.dk", "password"=>"[FILTERED]", "full_name"=>"Super Admin", "user"=>{"full_name"=>"Super Admin", "email"=>"admin@test.dk"}}
[31mUnpermitted parameter: :user. Context: { controller: UsersController, action: create, request: #<ActionDispatch::Request:0x00007f7abe6bf3d8>, params: {"email"=>"admin@test.dk", "password"=>"[FILTERED]", "full_name"=>"Super Admin", "controller"=>"users", "action"=>"create", "user"=>{"full_name"=>"Super Admin", "email"=>"admin@test.dk"}} }[0m
  [1m[36mUser Exists? (0.1ms)[0m  [1m[34mSELECT 1 AS one FROM "users" WHERE LOWER("users"."email") = LOWER(?) LIMIT ?[0m  [["email", "admin@test.dk"], ["LIMIT", 1]]
  ↳ app/controllers/users_controller.rb:8:in `create'
  [1m[36mCACHE User Exists? (0.0ms)[0m  [1m[34mSELECT 1 AS one FROM "users" WHERE LOWER("users"."email") = LOWER(?) LIMIT ?[0m  [["email", "admin@test.dk"], ["LIMIT", 1]]
  ↳ app/controllers/users_controller.rb:9:in `create'
  [1m[36mTRANSACTION (0.0ms)[0m  [1m[36mbegin transaction[0m
  ↳ app/controllers/users_controller.rb:9:in `create'
  [1m[36mUser Create (0.7ms)[0m  [1m[32mINSERT INTO "users" ("full_name", "email", "password_digest", "created_at", "updated_at") VALUES (?, ?, ?, ?, ?) RETURNING "id"[0m  [["full_name", "Super Admin"], ["email", "admin@test.dk"], ["password_digest", "[FILTERED]"], ["created_at", "2023-11-06 13:01:09.824212"], ["updated_at", "2023-11-06 13:01:09.824212"]]
  ↳ app/controllers/users_controller.rb:9:in `create'
  [1m[36mTRANSACTION (0.1ms)[0m  [1m[36mcommit transaction[0m
  ↳ app/controllers/users_controller.rb:9:in `create'
Completed 200 OK in 199ms (Views: 0.1ms | ActiveRecord: 1.1ms | Allocations: 17128)


Started GET "/users" for ::1 at 2023-11-06 14:01:14 +0100
Processing by UsersController#index as */*
  [1m[36mUser Load (0.1ms)[0m  [1m[34mSELECT "users".* FROM "users"[0m
  ↳ app/controllers/users_controller.rb:3:in `index'
Completed 200 OK in 1ms (Views: 0.9ms | ActiveRecord: 0.1ms | Allocations: 805)


Started POST "/users" for ::1 at 2023-11-06 15:51:51 +0100
Processing by UsersController#create as */*
  Parameters: {"email"=>"admin@test.dk", "password"=>"[FILTERED]", "full_name"=>"Super Admin", "user"=>{"full_name"=>"Super Admin", "email"=>"admin@test.dk"}}
[31mUnpermitted parameter: :user. Context: { controller: UsersController, action: create, request: #<ActionDispatch::Request:0x00007f7a8fae6c38>, params: {"email"=>"admin@test.dk", "password"=>"[FILTERED]", "full_name"=>"Super Admin", "controller"=>"users", "action"=>"create", "user"=>{"full_name"=>"Super Admin", "email"=>"admin@test.dk"}} }[0m
  [1m[36mUser Exists? (4.9ms)[0m  [1m[34mSELECT 1 AS one FROM "users" WHERE LOWER("users"."email") = LOWER(?) LIMIT ?[0m  [["email", "admin@test.dk"], ["LIMIT", 1]]
  ↳ app/controllers/users_controller.rb:8:in `create'
Completed 200 OK in 177ms (Views: 0.1ms | ActiveRecord: 7.4ms | Allocations: 3781)


Started POST "/users" for ::1 at 2023-11-06 15:51:53 +0100
Processing by UsersController#create as */*
  Parameters: {"email"=>"admin@test.dk", "password"=>"[FILTERED]", "full_name"=>"Super Admin", "user"=>{"full_name"=>"Super Admin", "email"=>"admin@test.dk"}}
[31mUnpermitted parameter: :user. Context: { controller: UsersController, action: create, request: #<ActionDispatch::Request:0x00007f7abe653f20>, params: {"email"=>"admin@test.dk", "password"=>"[FILTERED]", "full_name"=>"Super Admin", "controller"=>"users", "action"=>"create", "user"=>{"full_name"=>"Super Admin", "email"=>"admin@test.dk"}} }[0m
  [1m[36mUser Exists? (0.1ms)[0m  [1m[34mSELECT 1 AS one FROM "users" WHERE LOWER("users"."email") = LOWER(?) LIMIT ?[0m  [["email", "admin@test.dk"], ["LIMIT", 1]]
  ↳ app/controllers/users_controller.rb:8:in `create'
Completed 200 OK in 168ms (Views: 0.1ms | ActiveRecord: 0.1ms | Allocations: 838)


Started POST "/users" for ::1 at 2023-11-06 15:51:58 +0100
Processing by UsersController#create as */*
  Parameters: {"email"=>"admin2@test.dk", "password"=>"[FILTERED]", "full_name"=>"Super Admin", "user"=>{"full_name"=>"Super Admin", "email"=>"admin2@test.dk"}}
[31mUnpermitted parameter: :user. Context: { controller: UsersController, action: create, request: #<ActionDispatch::Request:0x00007f7abd9bc0a0>, params: {"email"=>"admin2@test.dk", "password"=>"[FILTERED]", "full_name"=>"Super Admin", "controller"=>"users", "action"=>"create", "user"=>{"full_name"=>"Super Admin", "email"=>"admin2@test.dk"}} }[0m
  [1m[36mUser Exists? (0.1ms)[0m  [1m[34mSELECT 1 AS one FROM "users" WHERE LOWER("users"."email") = LOWER(?) LIMIT ?[0m  [["email", "admin2@test.dk"], ["LIMIT", 1]]
  ↳ app/controllers/users_controller.rb:8:in `create'
  [1m[36mCACHE User Exists? (0.0ms)[0m  [1m[34mSELECT 1 AS one FROM "users" WHERE LOWER("users"."email") = LOWER(?) LIMIT ?[0m  [["email", "admin2@test.dk"], ["LIMIT", 1]]
  ↳ app/controllers/users_controller.rb:9:in `create'
  [1m[36mTRANSACTION (0.0ms)[0m  [1m[36mbegin transaction[0m
  ↳ app/controllers/users_controller.rb:9:in `create'
  [1m[36mUser Create (0.9ms)[0m  [1m[32mINSERT INTO "users" ("full_name", "email", "password_digest", "created_at", "updated_at") VALUES (?, ?, ?, ?, ?) RETURNING "id"[0m  [["full_name", "Super Admin"], ["email", "admin2@test.dk"], ["password_digest", "[FILTERED]"], ["created_at", "2023-11-06 14:51:58.176495"], ["updated_at", "2023-11-06 14:51:58.176495"]]
  ↳ app/controllers/users_controller.rb:9:in `create'
  [1m[36mTRANSACTION (5.4ms)[0m  [1m[36mcommit transaction[0m
  ↳ app/controllers/users_controller.rb:9:in `create'
Completed 200 OK in 176ms (Views: 0.1ms | ActiveRecord: 6.4ms | Allocations: 2798)


Started GET "/users" for ::1 at 2023-11-06 15:58:03 +0100
Processing by UsersController#index as */*
  [1m[36mUser Load (1.1ms)[0m  [1m[34mSELECT "users".* FROM "users"[0m
  ↳ app/controllers/users_controller.rb:3:in `index'
Completed 200 OK in 9ms (Views: 4.9ms | ActiveRecord: 1.7ms | Allocations: 4345)


Started POST "/users" for ::1 at 2023-11-06 15:58:05 +0100
Processing by UsersController#create as */*
  Parameters: {"email"=>"admin2@test.dk", "password"=>"[FILTERED]", "full_name"=>"Super Admin", "user"=>{"full_name"=>"Super Admin", "email"=>"admin2@test.dk"}}
[31mUnpermitted parameter: :user. Context: { controller: UsersController, action: create, request: #<ActionDispatch::Request:0x00007f7a8fa77db0>, params: {"email"=>"admin2@test.dk", "password"=>"[FILTERED]", "full_name"=>"Super Admin", "controller"=>"users", "action"=>"create", "user"=>{"full_name"=>"Super Admin", "email"=>"admin2@test.dk"}} }[0m
  [1m[36mUser Exists? (0.1ms)[0m  [1m[34mSELECT 1 AS one FROM "users" WHERE LOWER("users"."email") = LOWER(?) LIMIT ?[0m  [["email", "admin2@test.dk"], ["LIMIT", 1]]
  ↳ app/controllers/users_controller.rb:8:in `create'
Completed 200 OK in 174ms (Views: 7.4ms | ActiveRecord: 0.1ms | Allocations: 3436)


Started POST "/users" for ::1 at 2023-11-06 15:58:28 +0100
Processing by UsersController#create as */*
  Parameters: {"email"=>"admin2@test.dk", "password"=>"[FILTERED]", "full_name"=>"Super Admin", "user"=>{"full_name"=>"Super Admin", "email"=>"admin2@test.dk"}}
[31mUnpermitted parameter: :user. Context: { controller: UsersController, action: create, request: #<ActionDispatch::Request:0x00007f7a8fa479f8>, params: {"email"=>"admin2@test.dk", "password"=>"[FILTERED]", "full_name"=>"Super Admin", "controller"=>"users", "action"=>"create", "user"=>{"full_name"=>"Super Admin", "email"=>"admin2@test.dk"}} }[0m
  [1m[36mUser Exists? (0.1ms)[0m  [1m[34mSELECT 1 AS one FROM "users" WHERE LOWER("users"."email") = LOWER(?) LIMIT ?[0m  [["email", "admin2@test.dk"], ["LIMIT", 1]]
  ↳ app/controllers/users_controller.rb:8:in `create'
Completed 200 OK in 181ms (Views: 0.4ms | ActiveRecord: 0.1ms | Allocations: 1338)


Started POST "/postman" for ::1 at 2023-11-06 16:22:07 +0100
  
ActionController::RoutingError (No route matches [POST] "/postman"):
  
Started POST "/sessions" for ::1 at 2023-11-06 16:22:13 +0100
Processing by SessionsController#create as */*
  Parameters: {"email"=>"admin@admin.dk", "password"=>"[FILTERED]", "full_name"=>"Super Admin", "session"=>{"email"=>"admin@admin.dk", "password"=>"[FILTERED]", "full_name"=>"Super Admin"}}
[31mUnpermitted parameters: :full_name, :session. Context: { controller: SessionsController, action: create, request: #<ActionDispatch::Request:0x00007f7abd9b0340>, params: {"email"=>"admin@admin.dk", "password"=>"[FILTERED]", "full_name"=>"Super Admin", "controller"=>"sessions", "action"=>"create", "session"=>{"email"=>"admin@admin.dk", "password"=>"[FILTERED]", "full_name"=>"Super Admin"}} }[0m
  [1m[36mUser Load (1.3ms)[0m  [1m[34mSELECT "users".* FROM "users" WHERE "users"."id" = ? LIMIT ?[0m  [["id", nil], ["LIMIT", 1]]
  ↳ app/controllers/sessions_controller.rb:3:in `create'
Completed 404 Not Found in 8ms (ActiveRecord: 2.1ms | Allocations: 2290)


  
ActiveRecord::RecordNotFound (Couldn't find User with 'id'={:email=>"admin@admin.dk"}):
  
app/controllers/sessions_controller.rb:3:in `create'
Started POST "/sessions" for ::1 at 2023-11-06 16:22:40 +0100
Processing by SessionsController#create as */*
  Parameters: {"email"=>"admin@admin.dk", "password"=>"[FILTERED]", "full_name"=>"Super Admin", "session"=>{"email"=>"admin@admin.dk", "password"=>"[FILTERED]", "full_name"=>"Super Admin"}}
[31mUnpermitted parameters: :full_name, :session. Context: { controller: SessionsController, action: create, request: #<ActionDispatch::Request:0x00007f7a8f9bda28>, params: {"email"=>"admin@admin.dk", "password"=>"[FILTERED]", "full_name"=>"Super Admin", "controller"=>"sessions", "action"=>"create", "session"=>{"email"=>"admin@admin.dk", "password"=>"[FILTERED]", "full_name"=>"Super Admin"}} }[0m
  [1m[36mUser Load (0.1ms)[0m  [1m[34mSELECT "users".* FROM "users" WHERE "users"."email" = ? /* loading for inspect */ LIMIT ?[0m  [["email", "admin@admin.dk"], ["LIMIT", 11]]
Completed 500 Internal Server Error in 4ms (ActiveRecord: 1.5ms | Allocations: 2744)


  [1m[36mCACHE User Load (0.0ms)[0m  [1m[34mSELECT "users".* FROM "users" WHERE "users"."email" = ? /* loading for inspect */ LIMIT ?[0m  [["email", "admin@admin.dk"], ["LIMIT", 11]]
  
NoMethodError (undefined method `password' for #<ActiveRecord::Relation []>):
  
app/controllers/sessions_controller.rb:9:in `create'
  [1m[36mCACHE User Load (0.0ms)[0m  [1m[34mSELECT "users".* FROM "users" WHERE "users"."email" = ? /* loading for inspect */ LIMIT ?[0m  [["email", "admin@admin.dk"], ["LIMIT", 11]]
Started POST "/sessions" for ::1 at 2023-11-06 16:22:51 +0100
Processing by SessionsController#create as */*
  Parameters: {"email"=>"admin@test.dk", "password"=>"[FILTERED]", "full_name"=>"Super Admin", "session"=>{"email"=>"admin@test.dk", "password"=>"[FILTERED]", "full_name"=>"Super Admin"}}
[31mUnpermitted parameters: :full_name, :session. Context: { controller: SessionsController, action: create, request: #<ActionDispatch::Request:0x00007f7a8fa61880>, params: {"email"=>"admin@test.dk", "password"=>"[FILTERED]", "full_name"=>"Super Admin", "controller"=>"sessions", "action"=>"create", "session"=>{"email"=>"admin@test.dk", "password"=>"[FILTERED]", "full_name"=>"Super Admin"}} }[0m
  [1m[36mUser Load (0.1ms)[0m  [1m[34mSELECT "users".* FROM "users" WHERE "users"."email" = ? /* loading for inspect */ LIMIT ?[0m  [["email", "admin@test.dk"], ["LIMIT", 11]]
Completed 500 Internal Server Error in 5ms (ActiveRecord: 0.0ms | Allocations: 3636)


  [1m[36mCACHE User Load (0.0ms)[0m  [1m[34mSELECT "users".* FROM "users" WHERE "users"."email" = ? /* loading for inspect */ LIMIT ?[0m  [["email", "admin@test.dk"], ["LIMIT", 11]]
  
NoMethodError (undefined method `password' for #<ActiveRecord::Relation [#<User id: 1, full_name: "Super Admin", email: "admin@test.dk", password_digest: [FILTERED], created_at: "2023-11-06 13:01:09.824212000 +0000", updated_at: "2023-11-06 13:01:09.824212000 +0000">]>):
  
app/controllers/sessions_controller.rb:9:in `create'
  [1m[36mCACHE User Load (0.0ms)[0m  [1m[34mSELECT "users".* FROM "users" WHERE "users"."email" = ? /* loading for inspect */ LIMIT ?[0m  [["email", "admin@test.dk"], ["LIMIT", 11]]
Started POST "/sessions" for ::1 at 2023-11-06 16:23:27 +0100
Processing by SessionsController#create as */*
  Parameters: {"email"=>"admin@test.dk", "password"=>"[FILTERED]", "full_name"=>"Super Admin", "session"=>{"email"=>"admin@test.dk", "password"=>"[FILTERED]", "full_name"=>"Super Admin"}}
[31mUnpermitted parameters: :full_name, :session. Context: { controller: SessionsController, action: create, request: #<ActionDispatch::Request:0x00007f7a8f99d3e0>, params: {"email"=>"admin@test.dk", "password"=>"[FILTERED]", "full_name"=>"Super Admin", "controller"=>"sessions", "action"=>"create", "session"=>{"email"=>"admin@test.dk", "password"=>"[FILTERED]", "full_name"=>"Super Admin"}} }[0m
  [1m[36mUser Load (0.1ms)[0m  [1m[34mSELECT "users".* FROM "users" WHERE "users"."email" = ? LIMIT ?[0m  [["email", "admin@test.dk"], ["LIMIT", 1]]
  ↳ app/controllers/sessions_controller.rb:3:in `create'
[31mUnpermitted parameters: :full_name, :session. Context: { controller: SessionsController, action: create, request: #<ActionDispatch::Request:0x00007f7a8f99d3e0>, params: {"email"=>"admin@test.dk", "password"=>"[FILTERED]", "full_name"=>"Super Admin", "controller"=>"sessions", "action"=>"create", "session"=>{"email"=>"admin@test.dk", "password"=>"[FILTERED]", "full_name"=>"Super Admin"}} }[0m
Completed 204 No Content in 6ms (ActiveRecord: 1.2ms | Allocations: 4959)


Started POST "/sessions" for ::1 at 2023-11-06 16:23:47 +0100
Processing by SessionsController#create as */*
  Parameters: {"email"=>"admin@test.dk", "password"=>"[FILTERED]", "full_name"=>"Super Admin", "session"=>{"email"=>"admin@test.dk", "password"=>"[FILTERED]", "full_name"=>"Super Admin"}}
[31mUnpermitted parameters: :full_name, :session. Context: { controller: SessionsController, action: create, request: #<ActionDispatch::Request:0x00007f7a8fa42a98>, params: {"email"=>"admin@test.dk", "password"=>"[FILTERED]", "full_name"=>"Super Admin", "controller"=>"sessions", "action"=>"create", "session"=>{"email"=>"admin@test.dk", "password"=>"[FILTERED]", "full_name"=>"Super Admin"}} }[0m
  [1m[36mUser Load (0.1ms)[0m  [1m[34mSELECT "users".* FROM "users" WHERE "users"."email" = ? LIMIT ?[0m  [["email", "admin@test.dk"], ["LIMIT", 1]]
  ↳ app/controllers/sessions_controller.rb:3:in `create'
[31mUnpermitted parameters: :full_name, :session. Context: { controller: SessionsController, action: create, request: #<ActionDispatch::Request:0x00007f7a8fa42a98>, params: {"email"=>"admin@test.dk", "password"=>"[FILTERED]", "full_name"=>"Super Admin", "controller"=>"sessions", "action"=>"create", "session"=>{"email"=>"admin@test.dk", "password"=>"[FILTERED]", "full_name"=>"Super Admin"}} }[0m
Completed 401 Unauthorized in 6ms (Views: 0.2ms | ActiveRecord: 1.0ms | Allocations: 4925)


Started POST "/sessions" for ::1 at 2023-11-06 16:24:14 +0100
Processing by SessionsController#create as */*
  Parameters: {"email"=>"admin@test.dk", "password"=>"[FILTERED]", "full_name"=>"Super Admin", "session"=>{"email"=>"admin@test.dk", "password"=>"[FILTERED]", "full_name"=>"Super Admin"}}
[31mUnpermitted parameters: :full_name, :session. Context: { controller: SessionsController, action: create, request: #<ActionDispatch::Request:0x00007f7a8fa70830>, params: {"email"=>"admin@test.dk", "password"=>"[FILTERED]", "full_name"=>"Super Admin", "controller"=>"sessions", "action"=>"create", "session"=>{"email"=>"admin@test.dk", "password"=>"[FILTERED]", "full_name"=>"Super Admin"}} }[0m
  [1m[36mUser Load (0.1ms)[0m  [1m[34mSELECT "users".* FROM "users" WHERE "users"."email" = ? LIMIT ?[0m  [["email", "admin@test.dk"], ["LIMIT", 1]]
  ↳ app/controllers/sessions_controller.rb:3:in `create'
[31mUnpermitted parameters: :full_name, :session. Context: { controller: SessionsController, action: create, request: #<ActionDispatch::Request:0x00007f7a8fa70830>, params: {"email"=>"admin@test.dk", "password"=>"[FILTERED]", "full_name"=>"Super Admin", "controller"=>"sessions", "action"=>"create", "session"=>{"email"=>"admin@test.dk", "password"=>"[FILTERED]", "full_name"=>"Super Admin"}} }[0m
Completed 401 Unauthorized in 1ms (Views: 0.1ms | ActiveRecord: 0.1ms | Allocations: 678)


Started POST "/sessions" for ::1 at 2023-11-06 16:24:20 +0100
Processing by SessionsController#create as */*
  Parameters: {"email"=>"admin@test.dk", "password"=>"[FILTERED]", "full_name"=>"Super Admin", "session"=>{"email"=>"admin@test.dk", "password"=>"[FILTERED]", "full_name"=>"Super Admin"}}
[31mUnpermitted parameters: :full_name, :session. Context: { controller: SessionsController, action: create, request: #<ActionDispatch::Request:0x00007f7abe45b2e0>, params: {"email"=>"admin@test.dk", "password"=>"[FILTERED]", "full_name"=>"Super Admin", "controller"=>"sessions", "action"=>"create", "session"=>{"email"=>"admin@test.dk", "password"=>"[FILTERED]", "full_name"=>"Super Admin"}} }[0m
  [1m[36mUser Load (0.1ms)[0m  [1m[34mSELECT "users".* FROM "users" WHERE "users"."email" = ? /* loading for inspect */ LIMIT ?[0m  [["email", "admin@test.dk"], ["LIMIT", 11]]
Completed 500 Internal Server Error in 6ms (ActiveRecord: 1.0ms | Allocations: 5260)


  [1m[36mCACHE User Load (0.0ms)[0m  [1m[34mSELECT "users".* FROM "users" WHERE "users"."email" = ? /* loading for inspect */ LIMIT ?[0m  [["email", "admin@test.dk"], ["LIMIT", 11]]
  
NoMethodError (undefined method `password' for #<ActiveRecord::Relation [#<User id: 1, full_name: "Super Admin", email: "admin@test.dk", password_digest: [FILTERED], created_at: "2023-11-06 13:01:09.824212000 +0000", updated_at: "2023-11-06 13:01:09.824212000 +0000">]>):
  
app/controllers/sessions_controller.rb:9:in `create'
  [1m[36mCACHE User Load (0.0ms)[0m  [1m[34mSELECT "users".* FROM "users" WHERE "users"."email" = ? /* loading for inspect */ LIMIT ?[0m  [["email", "admin@test.dk"], ["LIMIT", 11]]
Started POST "/sessions" for ::1 at 2023-11-06 16:24:36 +0100
Processing by SessionsController#create as */*
  Parameters: {"email"=>"admin@test.dk", "password"=>"[FILTERED]", "full_name"=>"Super Admin", "session"=>{"email"=>"admin@test.dk", "password"=>"[FILTERED]", "full_name"=>"Super Admin"}}
[31mUnpermitted parameters: :full_name, :session. Context: { controller: SessionsController, action: create, request: #<ActionDispatch::Request:0x00007f7a8f839080>, params: {"email"=>"admin@test.dk", "password"=>"[FILTERED]", "full_name"=>"Super Admin", "controller"=>"sessions", "action"=>"create", "session"=>{"email"=>"admin@test.dk", "password"=>"[FILTERED]", "full_name"=>"Super Admin"}} }[0m
  [1m[36mUser Load (0.1ms)[0m  [1m[34mSELECT "users".* FROM "users" WHERE "users"."email" = ? LIMIT ?[0m  [["email", "admin@test.dk"], ["LIMIT", 1]]
  ↳ app/controllers/sessions_controller.rb:3:in `create'
Completed 500 Internal Server Error in 6ms (ActiveRecord: 1.4ms | Allocations: 4851)


  
NameError (undefined local variable or method `byebug' for #<SessionsController:0x000000000216d8>):
  
app/controllers/sessions_controller.rb:9:in `create'
Started POST "/sessions" for ::1 at 2023-11-06 16:24:39 +0100
Processing by SessionsController#create as */*
  Parameters: {"email"=>"admin@test.dk", "password"=>"[FILTERED]", "full_name"=>"Super Admin", "session"=>{"email"=>"admin@test.dk", "password"=>"[FILTERED]", "full_name"=>"Super Admin"}}
[31mUnpermitted parameters: :full_name, :session. Context: { controller: SessionsController, action: create, request: #<ActionDispatch::Request:0x00007f7a8f999920>, params: {"email"=>"admin@test.dk", "password"=>"[FILTERED]", "full_name"=>"Super Admin", "controller"=>"sessions", "action"=>"create", "session"=>{"email"=>"admin@test.dk", "password"=>"[FILTERED]", "full_name"=>"Super Admin"}} }[0m
  [1m[36mUser Load (0.1ms)[0m  [1m[34mSELECT "users".* FROM "users" WHERE "users"."email" = ? LIMIT ?[0m  [["email", "admin@test.dk"], ["LIMIT", 1]]
  ↳ app/controllers/sessions_controller.rb:3:in `create'
Completed 500 Internal Server Error in 1ms (ActiveRecord: 0.1ms | Allocations: 568)


  
NameError (undefined local variable or method `byebug' for #<SessionsController:0x00000000021750>):
  
app/controllers/sessions_controller.rb:9:in `create'
Started POST "/sessions" for ::1 at 2023-11-06 16:25:19 +0100
Processing by SessionsController#create as */*
  Parameters: {"email"=>"admin@test.dk", "password"=>"[FILTERED]", "full_name"=>"Super Admin", "session"=>{"email"=>"admin@test.dk", "password"=>"[FILTERED]", "full_name"=>"Super Admin"}}
[31mUnpermitted parameters: :full_name, :session. Context: { controller: SessionsController, action: create, request: #<ActionDispatch::Request:0x00007f7a8fa81d60>, params: {"email"=>"admin@test.dk", "password"=>"[FILTERED]", "full_name"=>"Super Admin", "controller"=>"sessions", "action"=>"create", "session"=>{"email"=>"admin@test.dk", "password"=>"[FILTERED]", "full_name"=>"Super Admin"}} }[0m
  [1m[36mUser Load (0.1ms)[0m  [1m[34mSELECT "users".* FROM "users" WHERE "users"."email" = ? LIMIT ?[0m  [["email", "admin@test.dk"], ["LIMIT", 1]]
  ↳ app/controllers/sessions_controller.rb:3:in `create'
Completed 500 Internal Server Error in 2ms (ActiveRecord: 0.1ms | Allocations: 568)


  
NameError (undefined local variable or method `byebug' for #<SessionsController:0x000000000217c8>):
  
app/controllers/sessions_controller.rb:9:in `create'
Started POST "/sessions" for ::1 at 2023-11-06 16:25:20 +0100
Processing by SessionsController#create as */*
  Parameters: {"email"=>"admin@test.dk", "password"=>"[FILTERED]", "full_name"=>"Super Admin", "session"=>{"email"=>"admin@test.dk", "password"=>"[FILTERED]", "full_name"=>"Super Admin"}}
[31mUnpermitted parameters: :full_name, :session. Context: { controller: SessionsController, action: create, request: #<ActionDispatch::Request:0x00007f7a8fa974f8>, params: {"email"=>"admin@test.dk", "password"=>"[FILTERED]", "full_name"=>"Super Admin", "controller"=>"sessions", "action"=>"create", "session"=>{"email"=>"admin@test.dk", "password"=>"[FILTERED]", "full_name"=>"Super Admin"}} }[0m
  [1m[36mUser Load (0.1ms)[0m  [1m[34mSELECT "users".* FROM "users" WHERE "users"."email" = ? LIMIT ?[0m  [["email", "admin@test.dk"], ["LIMIT", 1]]
  ↳ app/controllers/sessions_controller.rb:3:in `create'
Completed 500 Internal Server Error in 1ms (ActiveRecord: 0.1ms | Allocations: 568)


  
NameError (undefined local variable or method `byebug' for #<SessionsController:0x00000000021868>):
  
app/controllers/sessions_controller.rb:9:in `create'
Started POST "/sessions" for ::1 at 2023-11-06 16:25:30 +0100
Processing by SessionsController#create as */*
  Parameters: {"email"=>"admin@test.dk", "password"=>"[FILTERED]", "full_name"=>"Super Admin", "session"=>{"email"=>"admin@test.dk", "password"=>"[FILTERED]", "full_name"=>"Super Admin"}}
[31mUnpermitted parameters: :full_name, :session. Context: { controller: SessionsController, action: create, request: #<ActionDispatch::Request:0x00007f7a8fa03848>, params: {"email"=>"admin@test.dk", "password"=>"[FILTERED]", "full_name"=>"Super Admin", "controller"=>"sessions", "action"=>"create", "session"=>{"email"=>"admin@test.dk", "password"=>"[FILTERED]", "full_name"=>"Super Admin"}} }[0m
  [1m[36mUser Load (0.1ms)[0m  [1m[34mSELECT "users".* FROM "users" WHERE "users"."email" = ? LIMIT ?[0m  [["email", "admin@test.dk"], ["LIMIT", 1]]
  ↳ app/controllers/sessions_controller.rb:3:in `create'
Completed 500 Internal Server Error in 2ms (ActiveRecord: 0.1ms | Allocations: 569)


  
NameError (undefined local variable or method `byebug' for #<SessionsController:0x000000000218e0>):
  
app/controllers/sessions_controller.rb:9:in `create'
Started POST "/sessions" for ::1 at 2023-11-06 16:25:43 +0100
  [1m[36mActiveRecord::SchemaMigration Load (0.1ms)[0m  [1m[34mSELECT "schema_migrations"."version" FROM "schema_migrations" ORDER BY "schema_migrations"."version" ASC[0m
Processing by SessionsController#create as */*
  Parameters: {"email"=>"admin@test.dk", "password"=>"[FILTERED]", "full_name"=>"Super Admin", "session"=>{"email"=>"admin@test.dk", "password"=>"[FILTERED]", "full_name"=>"Super Admin"}}
[31mUnpermitted parameters: :full_name, :session. Context: { controller: SessionsController, action: create, request: #<ActionDispatch::Request:0x00007f62f9fca798>, params: {"email"=>"admin@test.dk", "password"=>"[FILTERED]", "full_name"=>"Super Admin", "controller"=>"sessions", "action"=>"create", "session"=>{"email"=>"admin@test.dk", "password"=>"[FILTERED]", "full_name"=>"Super Admin"}} }[0m
  [1m[36mUser Load (0.1ms)[0m  [1m[34mSELECT "users".* FROM "users" WHERE "users"."email" = ? LIMIT ?[0m  [["email", "admin@test.dk"], ["LIMIT", 1]]
  ↳ app/controllers/sessions_controller.rb:3:in `create'
[31mUnpermitted parameters: :full_name, :session. Context: { controller: SessionsController, action: create, request: #<ActionDispatch::Request:0x00007f62f9fca798>, params: {"email"=>"admin@test.dk", "password"=>"[FILTERED]", "full_name"=>"Super Admin", "controller"=>"sessions", "action"=>"create", "session"=>{"email"=>"admin@test.dk", "password"=>"[FILTERED]", "full_name"=>"Super Admin"}} }[0m
[31mUnpermitted parameters: :full_name, :session. Context: { controller: SessionsController, action: create, request: #<ActionDispatch::Request:0x00007f62f9fca798>, params: {"email"=>"admin@test.dk", "password"=>"[FILTERED]", "full_name"=>"Super Admin", "controller"=>"sessions", "action"=>"create", "session"=>{"email"=>"admin@test.dk", "password"=>"[FILTERED]", "full_name"=>"Super Admin"}} }[0m
[31mUnpermitted parameters: :full_name, :session. Context: { controller: SessionsController, action: create, request: #<ActionDispatch::Request:0x00007f62f9fca798>, params: {"email"=>"admin@test.dk", "password"=>"[FILTERED]", "full_name"=>"Super Admin", "controller"=>"sessions", "action"=>"create", "session"=>{"email"=>"admin@test.dk", "password"=>"[FILTERED]", "full_name"=>"Super Admin"}} }[0m
[31mUnpermitted parameters: :full_name, :session. Context: { controller: SessionsController, action: create, request: #<ActionDispatch::Request:0x00007f62f9fca798>, params: {"email"=>"admin@test.dk", "password"=>"[FILTERED]", "full_name"=>"Super Admin", "controller"=>"sessions", "action"=>"create", "session"=>{"email"=>"admin@test.dk", "password"=>"[FILTERED]", "full_name"=>"Super Admin"}} }[0m
[31mUnpermitted parameters: :full_name, :session. Context: { controller: SessionsController, action: create, request: #<ActionDispatch::Request:0x00007f62f9fca798>, params: {"email"=>"admin@test.dk", "password"=>"[FILTERED]", "full_name"=>"Super Admin", "controller"=>"sessions", "action"=>"create", "session"=>{"email"=>"admin@test.dk", "password"=>"[FILTERED]", "full_name"=>"Super Admin"}} }[0m
[31mUnpermitted parameters: :full_name, :session. Context: { controller: SessionsController, action: create, request: #<ActionDispatch::Request:0x00007f62f9fca798>, params: {"email"=>"admin@test.dk", "password"=>"[FILTERED]", "full_name"=>"Super Admin", "controller"=>"sessions", "action"=>"create", "session"=>{"email"=>"admin@test.dk", "password"=>"[FILTERED]", "full_name"=>"Super Admin"}} }[0m
[31mUnpermitted parameters: :full_name, :session. Context: { controller: SessionsController, action: create, request: #<ActionDispatch::Request:0x00007f62f9fca798>, params: {"email"=>"admin@test.dk", "password"=>"[FILTERED]", "full_name"=>"Super Admin", "controller"=>"sessions", "action"=>"create", "session"=>{"email"=>"admin@test.dk", "password"=>"[FILTERED]", "full_name"=>"Super Admin"}} }[0m
Completed 401 Unauthorized in 137372ms (Views: 0.6ms | ActiveRecord: 0.5ms | Allocations: 91254)


Started POST "/sessions" for ::1 at 2023-11-06 16:28:07 +0100
Processing by SessionsController#create as */*
  Parameters: {"email"=>"admin@test.dk", "password"=>"[FILTERED]", "full_name"=>"Super Admin", "session"=>{"email"=>"admin@test.dk", "password"=>"[FILTERED]", "full_name"=>"Super Admin"}}
[31mUnpermitted parameters: :full_name, :session. Context: { controller: SessionsController, action: create, request: #<ActionDispatch::Request:0x00007f62f9713e88>, params: {"email"=>"admin@test.dk", "password"=>"[FILTERED]", "full_name"=>"Super Admin", "controller"=>"sessions", "action"=>"create", "session"=>{"email"=>"admin@test.dk", "password"=>"[FILTERED]", "full_name"=>"Super Admin"}} }[0m
  [1m[36mUser Load (0.1ms)[0m  [1m[34mSELECT "users".* FROM "users" WHERE "users"."email" = ? LIMIT ?[0m  [["email", "admin@test.dk"], ["LIMIT", 1]]
  ↳ app/controllers/sessions_controller.rb:3:in `create'
[31mUnpermitted parameters: :full_name, :session. Context: { controller: SessionsController, action: create, request: #<ActionDispatch::Request:0x00007f62f9713e88>, params: {"email"=>"admin@test.dk", "password"=>"[FILTERED]", "full_name"=>"Super Admin", "controller"=>"sessions", "action"=>"create", "session"=>{"email"=>"admin@test.dk", "password"=>"[FILTERED]", "full_name"=>"Super Admin"}} }[0m
DEPRECATION WARNING: `Rails.application.secrets` is deprecated in favor of `Rails.application.credentials` and will be removed in Rails 7.2. (called from <class:JwtService> at /home/topper/rails_test/products_api/app/services/jwt_service.rb:2)
Completed 200 OK in 178ms (Views: 0.1ms | ActiveRecord: 1.5ms | Allocations: 6565)


